<?xml version="1.0" encoding="UTF-8"?>
<!-- Generated by org.testng.reporters.JUnitReportReporter -->
<testsuite hostname="DESKTOP-S0IV8SP" failures="0" tests="1" name="cucumberRunner.TestNGRunner" time="9.864" errors="0" timestamp="2021-08-03T07:28:40 IST" skipped="0">
  <testcase classname="cucumberRunner.TestNGRunner" name="runScenario" time="9.864"/>
  <system-out/>
</testsuite> <!-- cucumberRunner.TestNGRunner -->
